<?xml version="1.0" encoding="UTF-8"?>
<testng-results skipped="0" failed="0" total="1" passed="1">
  <reporter-output>
  </reporter-output>
  <suite name=" Test - Suite" duration-ms="895" started-at="2020-05-03T16:22:38Z" finished-at="2020-05-03T16:22:39Z">
    <groups>
    </groups>
    <test name="REST API Test - TestNG" duration-ms="895" started-at="2020-05-03T16:22:38Z" finished-at="2020-05-03T16:22:39Z">
      <class name="com.qa.test.RESTAPITestRunner">
        <test-method status="PASS" signature="testApi()[pri:0, instance:com.qa.test.RESTAPITestRunner@643b1d11]" name="testApi" duration-ms="884" started-at="2020-05-03T21:52:38Z" finished-at="2020-05-03T21:52:39Z">
          <reporter-output>
          </reporter-output>
        </test-method> <!-- testApi -->
      </class> <!-- com.qa.test.RESTAPITestRunner -->
    </test> <!-- REST API Test - TestNG -->
  </suite> <!--  Test - Suite -->
</testng-results>
